<?xml version="1.0" encoding="UTF-8"?>
<testng-results ignored="0" total="1" passed="1" failed="0" skipped="0">
  <reporter-output>
  </reporter-output>
  <suite started-at="2024-08-09T12:36:08 IST" name="Default suite" finished-at="2024-08-09T12:36:51 IST" duration-ms="42891">
    <groups>
    </groups>
    <test started-at="2024-08-09T12:36:08 IST" name="Default test" finished-at="2024-08-09T12:36:51 IST" duration-ms="42891">
      <class name="Dealsdray.demo">
        <test-method is-config="true" signature="setUp()[pri:0, instance:Dealsdray.demo@443118b0]" started-at="2024-08-09T12:36:08 IST" name="setUp" finished-at="2024-08-09T12:36:13 IST" duration-ms="5357" status="PASS">
          <reporter-output>
          </reporter-output>
        </test-method> <!-- setUp -->
        <test-method signature="testSitemapScreenshots()[pri:0, instance:Dealsdray.demo@443118b0]" started-at="2024-08-09T12:36:13 IST" name="testSitemapScreenshots" finished-at="2024-08-09T12:36:49 IST" duration-ms="35960" status="PASS">
          <reporter-output>
          </reporter-output>
        </test-method> <!-- testSitemapScreenshots -->
        <test-method is-config="true" signature="tearDown()[pri:0, instance:Dealsdray.demo@443118b0]" started-at="2024-08-09T12:36:49 IST" name="tearDown" finished-at="2024-08-09T12:36:51 IST" duration-ms="1507" status="PASS">
          <reporter-output>
          </reporter-output>
        </test-method> <!-- tearDown -->
      </class> <!-- Dealsdray.demo -->
    </test> <!-- Default test -->
  </suite> <!-- Default suite -->
</testng-results>
